

*******************************************************************************
Tue Sep  5 08:11:41 2023


FIT:    data read from 'Z0.017Y0.279.txt' u 1:($4/1e9)
        format = x:z
        x range restricted to [2.00000 : 5.00000]
        #datapoints = 19
        residuals are weighted equally (unit weight)

function used for fitting: f(x)
	f(x) = m * x**b
fitted parameters initialized with current variable values

iter      chisq       delta/lim  lambda   m             b            
   0 1.7632176567e+02   0.00e+00  4.05e+00    1.000000e+00   1.000000e+00
   9 8.8345136491e-03  -1.70e-03  4.05e-09    9.593822e+00  -2.749226e+00

After 9 iterations the fit converged.
final sum of squares of residuals : 0.00883451
rel. change during last iteration : -1.6965e-08

degrees of freedom    (FIT_NDF)                        : 17
rms of residuals      (FIT_STDFIT) = sqrt(WSSR/ndf)    : 0.0227964
variance of residuals (reduced chisquare) = WSSR/ndf   : 0.000519677

Final set of parameters            Asymptotic Standard Error
=======================            ==========================
m               = 9.59382          +/- 0.3646       (3.8%)
b               = -2.74923         +/- 0.04653      (1.692%)

correlation matrix of the fit parameters:
                m      b      
m               1.000 
b              -0.982  1.000 


*******************************************************************************
Tue Sep  5 08:13:33 2023


FIT:    data read from 'Z0.017Y0.279.txt' u 1:($4/1e9)
        format = x:z
        x range restricted to [2.00000 : 5.00000]
        #datapoints = 19
        residuals are weighted equally (unit weight)

function used for fitting: f(x)
	f(x) = m * x**b
fitted parameters initialized with current variable values

iter      chisq       delta/lim  lambda   m             b            
   0 1.7632176567e+02   0.00e+00  4.05e+00    1.000000e+00   1.000000e+00
   9 8.8345136491e-03  -1.70e-03  4.05e-09    9.593822e+00  -2.749226e+00

After 9 iterations the fit converged.
final sum of squares of residuals : 0.00883451
rel. change during last iteration : -1.6965e-08

degrees of freedom    (FIT_NDF)                        : 17
rms of residuals      (FIT_STDFIT) = sqrt(WSSR/ndf)    : 0.0227964
variance of residuals (reduced chisquare) = WSSR/ndf   : 0.000519677

Final set of parameters            Asymptotic Standard Error
=======================            ==========================
m               = 9.59382          +/- 0.3646       (3.8%)
b               = -2.74923         +/- 0.04653      (1.692%)

correlation matrix of the fit parameters:
                m      b      
m               1.000 
b              -0.982  1.000 
